<!DOCTYPE suite SYSTEM "https://testng.org/testng-1.0.dtd">
<suite name="MinAndMaxTestSuite" parallel="methods" thread-count="4">
    <test name="MinAndMaxTests">
        <classes>
            <class name="MinAndMaxTest"/>
        </classes>
    </test>
</suite>
