<!DOCTYPE suite SYSTEM "https://testng.org/testng-1.0.dtd">
<suite name="IOSTestSuite" parallel="tests" thread-count="1">
    <parameter name="platform" value="ios"/>
    <test name="IOSTest">
        <classes>
            <class name="mobile.tests.IOSTest"/>
        </classes>
    </test>
</suite>
